

Fecha: 2024-10-23 13:03:27
Para: javierramos123456@hotmail.com
Asunto: Verificación de cuenta
Mensaje: 
Por favor, verifica tu cuenta haciendo clic en este enlace: http://localhost/loginbd//verificar.php?token=3c8b2ab1fdc8708b91a00dc1f365a75504eb6d23c5a69a5974f0ead15e3273a6
______________________________________

Fecha: 2024-10-23 13:05:29
Para: javivivivi@gmail.es
Asunto: Verificación de cuenta
Mensaje: 
Por favor, verifica tu cuenta haciendo clic en este enlace: http://localhost/loginbd//verificar.php?token=2df9b4d69c2feefce871335902fb445f06e7ac04b8637cb6816b9c0373fd374f
______________________________________

Fecha: 2024-10-23 13:24:30
Para: javi90@gmail.com
Asunto: Verificación de cuenta
Mensaje: 
Por favor, verifica tu cuenta haciendo clic en este enlace: http://localhost/loginbd//verificar.php?token=b98692da13eef0daadd622a02811021072add581e3dec2412cdd6c759173b88f
______________________________________

Fecha: 2024-10-23 13:27:40
Para: prueba1@gmail.com
Asunto: Verificación de cuenta
Mensaje: 
Por favor, verifica tu cuenta haciendo clic en este enlace: http://localhost/loginbd//verificar.php?token=389841e82634028d3f750940833f0fea076d57343730ef135a8042aa57596467
______________________________________

Fecha: 2024-10-24 09:28:11
Para: javierramos9@gmail.com
Asunto: Verificación de cuenta
Mensaje: 
Por favor, verifica tu cuenta haciendo clic en este enlace: http://localhost/loginbd//verificar.php?token=82af962d418c24072bdbc94653864cfb10c3711fdf72ed663530a97fe24bf653
______________________________________

Fecha: 2024-10-24 10:05:25
Para: javierramos9@gmail.com
Asunto: Recuperacion de contraseña
Mensaje: 
Para restablecer su contraseña, haz click en este enlace: http://localhost/loginbd//restablecer.php?token=b00517ce54cd5e7f202debff43a37953611a9b32332c2b54cf5b53d72d62b2d2
______________________________________

Fecha: 2024-10-24 10:51:59
Para: javierramos9@gmail.com
Asunto: Recuperacion de contraseña
Mensaje: 
Para restablecer su contraseña, haz click en este enlace: http://localhost/loginbd//restablecer.php?token=29fd7f98728a289bd7a17c54b2f8ac9a8c7954b7c2bb1df54bb522437e5123d8
______________________________________

Fecha: 2024-10-24 10:54:03
Para: javierramos9@gmail.com
Asunto: Recuperacion de contraseña
Mensaje: 
Para restablecer su contraseña, haz click en este enlace: http://localhost/loginbd//restablecer.php?token=74290011e46d936c1478af9b8847c4e42a632c5cac88c7ad134d95f4a8757f08
______________________________________

Fecha: 2024-10-24 10:54:09
Para: javierramos9@gmail.com
Asunto: Recuperacion de contraseña
Mensaje: 
Para restablecer su contraseña, haz click en este enlace: http://localhost/loginbd//restablecer.php?token=833ebca87722057663c4cfdc6d55837d0e98f1b51b8e41b842950e1f6117966f
______________________________________

Fecha: 2024-10-24 10:54:20
Para: javierramos9@gmail.com
Asunto: Recuperacion de contraseña
Mensaje: 
Para restablecer su contraseña, haz click en este enlace: http://localhost/loginbd//restablecer.php?token=a4bb6cf913e7535ac0f2e8aec2a2a19cb6ac82d41b41a1df24f3af63f6c32b17
______________________________________

Fecha: 2024-10-24 10:56:00
Para: javierramos9@gmail.com
Asunto: Recuperacion de contraseña
Mensaje: 
Para restablecer su contraseña, haz click en este enlace: http://localhost/loginbd//restablecer.php?token=b79a909a22c403c4bd804f5c016d081d304d980297ff5fc143a0764e45f05e14
______________________________________

Fecha: 2024-10-24 10:57:14
Para: javierramos9@gmail.com
Asunto: Recuperacion de contraseña
Mensaje: 
Para restablecer su contraseña, haz click en este enlace: http://localhost/loginbd//restablecer.php?token=f827a23cb4b42465ed696ec7d11dfae66ddf7cb2bc7f52f784b030dbb500f79b
______________________________________

Fecha: 2024-10-24 10:58:37
Para: javierramos9@gmail.com
Asunto: Recuperacion de contraseña
Mensaje: 
Para restablecer su contraseña, haz click en este enlace: http://localhost/loginbd//restablecer.php?token=f079ac3fedfbb351ac67447181d4159c2a6a70e143c7872324c374204b8875b3
______________________________________

Fecha: 2024-10-24 10:59:32
Para: javivivivi@gmail.es
Asunto: Recuperacion de contraseña
Mensaje: 
Para restablecer su contraseña, haz click en este enlace: http://localhost/loginbd//restablecer.php?token=71b22b3961177ff2d497c206540f2dfa9851cdaa5b7a346a328166dbfae2c07e
______________________________________

